<?xml version="1.0" encoding="UTF-8"?>
<robot generator="Robot 5.0.1 (Python 3.9.13 on darwin)" generated="20220626 20:51:52.641" rpa="false" schemaversion="3">
<suite id="s1" name="TestCases" source="/Users/marialucia/Desktop/robot_phptravels/TestCases">
<suite id="s1-s1" name="LoginTest" source="/Users/marialucia/Desktop/robot_phptravels/TestCases/LoginTest.robot">
<test id="s1-s1-t1" name="Registro de usuario" line="15">
<kw name="Open Session" library="base" type="SETUP">
<kw name="Pegar Valor Json" library="Config">
<var>${base_url}</var>
<arg>base_url</arg>
<msg timestamp="20220626 20:51:52.955" level="INFO">${base_url} = https://phptravels.net/</msg>
<status status="PASS" starttime="20220626 20:51:52.955" endtime="20220626 20:51:52.955"/>
</kw>
<kw name="Pegar Valor Json" library="Config">
<var>${browser}</var>
<arg>browser</arg>
<msg timestamp="20220626 20:51:52.956" level="INFO">${browser} = chrome</msg>
<status status="PASS" starttime="20220626 20:51:52.955" endtime="20220626 20:51:52.956"/>
</kw>
<kw name="Open Browser" library="SeleniumLibrary">
<arg>${base_url}</arg>
<arg>${browser}</arg>
<doc>Opens a new browser instance to the optional ``url``.</doc>
<msg timestamp="20220626 20:51:52.956" level="INFO">Opening browser 'chrome' to base url 'https://phptravels.net/'.</msg>
<status status="PASS" starttime="20220626 20:51:52.956" endtime="20220626 20:51:59.566"/>
</kw>
<kw name="Get Selenium Speed" library="SeleniumLibrary">
<doc>Gets the delay that is waited after each Selenium command.</doc>
<status status="PASS" starttime="20220626 20:51:59.567" endtime="20220626 20:51:59.567"/>
</kw>
<kw name="Maximize Browser Window" library="SeleniumLibrary">
<doc>Maximizes current browser window.</doc>
<status status="PASS" starttime="20220626 20:51:59.567" endtime="20220626 20:51:59.754"/>
</kw>
<status status="PASS" starttime="20220626 20:51:52.954" endtime="20220626 20:51:59.755"/>
</kw>
<kw name="Acessar o site de Registro" library="SignupPage">
<kw name="Ir Para" library="base">
<arg>signup</arg>
<kw name="Pegar Valor Json" library="Config">
<var>${base_url}</var>
<arg>base_url</arg>
<msg timestamp="20220626 20:51:59.757" level="INFO">${base_url} = https://phptravels.net/</msg>
<status status="PASS" starttime="20220626 20:51:59.756" endtime="20220626 20:51:59.757"/>
</kw>
<kw name="Go To" library="SeleniumLibrary">
<arg>${base_url}${path}</arg>
<doc>Navigates the current browser window to the provided ``url``.</doc>
<msg timestamp="20220626 20:51:59.757" level="INFO">Opening url 'https://phptravels.net/signup'</msg>
<status status="PASS" starttime="20220626 20:51:59.757" endtime="20220626 20:52:01.115"/>
</kw>
<status status="PASS" starttime="20220626 20:51:59.756" endtime="20220626 20:52:01.115"/>
</kw>
<status status="PASS" starttime="20220626 20:51:59.755" endtime="20220626 20:52:01.115"/>
</kw>
<kw name="Preencher as informações da tela" library="SignupPage">
<kw name="Log To Console" library="BuiltIn">
<arg>Preencheu as informações da tela</arg>
<doc>Logs the given message to the console.</doc>
<status status="PASS" starttime="20220626 20:52:01.115" endtime="20220626 20:52:01.116"/>
</kw>
<kw name="Clicar Botao Cookie" library="SignupPage">
<kw name="Log To Console" library="BuiltIn">
<arg>Cookie clicado</arg>
<doc>Logs the given message to the console.</doc>
<status status="PASS" starttime="20220626 20:52:01.117" endtime="20220626 20:52:01.117"/>
</kw>
<kw name="Click Button" library="SeleniumLibrary">
<arg>${btnCookie}</arg>
<doc>Clicks the button identified by ``locator``.</doc>
<msg timestamp="20220626 20:52:01.117" level="INFO">Clicking button 'xpath://button[@id="cookie_stop"]'.</msg>
<status status="PASS" starttime="20220626 20:52:01.117" endtime="20220626 20:52:01.263"/>
</kw>
<status status="PASS" starttime="20220626 20:52:01.116" endtime="20220626 20:52:01.265"/>
</kw>
<kw name="Realize Signup" library="SignupPage">
<kw name="Escrever First Name" library="SignupPage">
<kw name="Sortear Nome" library="Login">
<var>${firstName}</var>
<msg timestamp="20220626 20:52:01.268" level="INFO">${firstName} = Abby</msg>
<status status="PASS" starttime="20220626 20:52:01.268" endtime="20220626 20:52:01.268"/>
</kw>
<kw name="Input Text" library="SeleniumLibrary">
<arg>${txtFirstName2}</arg>
<arg>${firstName}</arg>
<doc>Types the given ``text`` into the text field identified by ``locator``.</doc>
<msg timestamp="20220626 20:52:01.269" level="INFO">Typing text 'Abby' into text field 'xpath://input[@placeholder="First Name"]'.</msg>
<status status="PASS" starttime="20220626 20:52:01.269" endtime="20220626 20:52:01.411"/>
</kw>
<status status="PASS" starttime="20220626 20:52:01.267" endtime="20220626 20:52:01.411"/>
</kw>
<kw name="Escrever Last Name" library="SignupPage">
<kw name="Sortear Sobrenome" library="Login">
<var>${lastName}</var>
<msg timestamp="20220626 20:52:01.412" level="INFO">${lastName} = Goncalves</msg>
<status status="PASS" starttime="20220626 20:52:01.411" endtime="20220626 20:52:01.412"/>
</kw>
<kw name="Input Text" library="SeleniumLibrary">
<arg>${txtLastName2}</arg>
<arg>${lastName}</arg>
<doc>Types the given ``text`` into the text field identified by ``locator``.</doc>
<msg timestamp="20220626 20:52:01.412" level="INFO">Typing text 'Goncalves' into text field 'xpath://input[@placeholder="Last Name"]'.</msg>
<status status="PASS" starttime="20220626 20:52:01.412" endtime="20220626 20:52:01.505"/>
</kw>
<status status="PASS" starttime="20220626 20:52:01.411" endtime="20220626 20:52:01.506"/>
</kw>
<kw name="Escrever Phone" library="SignupPage">
<kw name="Sortear Phone" library="Login">
<var>${phone}</var>
<msg timestamp="20220626 20:52:01.506" level="INFO">${phone} = 000771</msg>
<status status="PASS" starttime="20220626 20:52:01.506" endtime="20220626 20:52:01.507"/>
</kw>
<kw name="Input Text" library="SeleniumLibrary">
<arg>${txtPhone2}</arg>
<arg>${phone}</arg>
<doc>Types the given ``text`` into the text field identified by ``locator``.</doc>
<msg timestamp="20220626 20:52:01.508" level="INFO">Typing text '000771' into text field 'xpath://input[@placeholder="Phone"]'.</msg>
<status status="PASS" starttime="20220626 20:52:01.507" endtime="20220626 20:52:01.906"/>
</kw>
<status status="PASS" starttime="20220626 20:52:01.506" endtime="20220626 20:52:01.910"/>
</kw>
<kw name="Escrever Email" library="SignupPage">
<kw name="Sortear Email" library="Login">
<var>${email}</var>
<msg timestamp="20220626 20:52:01.913" level="INFO">${email} = MaiconBueno@example.com</msg>
<status status="PASS" starttime="20220626 20:52:01.912" endtime="20220626 20:52:01.913"/>
</kw>
<kw name="Input Text" library="SeleniumLibrary">
<arg>${txtEmail2}</arg>
<arg>${email}</arg>
<doc>Types the given ``text`` into the text field identified by ``locator``.</doc>
<msg timestamp="20220626 20:52:01.914" level="INFO">Typing text 'MaiconBueno@example.com' into text field 'xpath://input[@placeholder="Email"]'.</msg>
<status status="PASS" starttime="20220626 20:52:01.913" endtime="20220626 20:52:02.124"/>
</kw>
<status status="PASS" starttime="20220626 20:52:01.910" endtime="20220626 20:52:02.124"/>
</kw>
<kw name="Escrever Senha Registro" library="SignupPage">
<kw name="Sortear Senha" library="Login">
<var>${password}</var>
<msg timestamp="20220626 20:52:02.125" level="INFO">${password} = 000245</msg>
<status status="PASS" starttime="20220626 20:52:02.124" endtime="20220626 20:52:02.125"/>
</kw>
<kw name="Input Text" library="SeleniumLibrary">
<arg>${txtPassword2}</arg>
<arg>${password}</arg>
<doc>Types the given ``text`` into the text field identified by ``locator``.</doc>
<msg timestamp="20220626 20:52:02.125" level="INFO">Typing text '000245' into text field 'xpath://input[@placeholder="Password"]'.</msg>
<status status="PASS" starttime="20220626 20:52:02.125" endtime="20220626 20:52:02.296"/>
</kw>
<status status="PASS" starttime="20220626 20:52:02.124" endtime="20220626 20:52:02.296"/>
</kw>
<status status="PASS" starttime="20220626 20:52:01.265" endtime="20220626 20:52:02.296"/>
</kw>
<kw name="Capturar Tipo de Conta" library="SignupPage">
<kw name="Log To Console" library="BuiltIn">
<arg>Capturar</arg>
<doc>Logs the given message to the console.</doc>
<status status="PASS" starttime="20220626 20:52:02.297" endtime="20220626 20:52:02.297"/>
</kw>
<kw name="Get Text" library="SeleniumLibrary">
<var>${v}</var>
<arg>${valorSelect}</arg>
<doc>Returns the text value of the element identified by ``locator``.</doc>
<msg timestamp="20220626 20:52:02.392" level="INFO">${v} = Customer</msg>
<status status="PASS" starttime="20220626 20:52:02.298" endtime="20220626 20:52:02.393"/>
</kw>
<kw name="Log To Console" library="BuiltIn">
<arg>${v}</arg>
<doc>Logs the given message to the console.</doc>
<status status="PASS" starttime="20220626 20:52:02.394" endtime="20220626 20:52:02.396"/>
</kw>
<kw name="Log To Console" library="BuiltIn">
<arg>${valorAnterior}</arg>
<doc>Logs the given message to the console.</doc>
<status status="PASS" starttime="20220626 20:52:02.397" endtime="20220626 20:52:02.398"/>
</kw>
<status status="PASS" starttime="20220626 20:52:02.296" endtime="20220626 20:52:02.398"/>
</kw>
<kw name="Sleep" library="BuiltIn">
<arg>2s</arg>
<doc>Pauses the test executed for the given time.</doc>
<msg timestamp="20220626 20:52:04.399" level="INFO">Slept 2 seconds</msg>
<status status="PASS" starttime="20220626 20:52:02.398" endtime="20220626 20:52:04.399"/>
</kw>
<kw name="Click Element" library="SeleniumLibrary">
<arg>${account_type}</arg>
<doc>Click the element identified by ``locator``.</doc>
<msg timestamp="20220626 20:52:04.400" level="INFO">Clicking element 'xpath://span[@class="selection"]/span'.</msg>
<msg timestamp="20220626 20:52:05.748" level="INFO" html="true">&lt;/td&gt;&lt;/tr&gt;&lt;tr&gt;&lt;td colspan="3"&gt;&lt;a href="selenium-screenshot-52.png"&gt;&lt;img src="selenium-screenshot-52.png" width="800px"&gt;&lt;/a&gt;</msg>
<msg timestamp="20220626 20:52:05.749" level="FAIL">ElementClickInterceptedException: Message: element click intercepted: Element is not clickable at point (635, 665)
  (Session info: chrome=103.0.5060.53)
Stacktrace:
0   chromedriver                        0x0000000103f5fd19 chromedriver + 5197081
1   chromedriver                        0x0000000103eedb23 chromedriver + 4729635
2   chromedriver                        0x0000000103acb2b8 chromedriver + 393912
3   chromedriver                        0x0000000103b07a52 chromedriver + 641618
4   chromedriver                        0x0000000103b055d3 chromedriver + 632275
5   chromedriver                        0x0000000103b02c14 chromedriver + 621588
6   chromedriver                        0x0000000103b01885 chromedriver + 616581
7   chromedriver                        0x0000000103af5689 chromedriver + 566921
8   chromedriver                        0x0000000103b1d802 chromedriver + 731138
9   chromedriver                        0x0000000103af4f45 chromedriver + 565061
10  chromedriver                        0x0000000103b1d90e chromedriver + 731406
11  chromedriver                        0x0000000103b302a1 chromedriver + 807585
12  chromedriver                        0x0000000103b1d6f3 chromedriver + 730867
13  chromedriver                        0x0000000103af3a49 chromedriver + 559689
14  chromedriver                        0x0000000103af4a75 chromedriver + 563829
15  chromedriver                        0x0000000103f31bdd chromedriver + 5008349
16  chromedriver                        0x0000000103f36b64 chromedriver + 5028708
17  chromedriver                        0x0000000103f3bbcf chromedriver + 5049295
18  chromedriver                        0x0000000103f377ca chromedriver + 5031882
19  chromedriver                        0x0000000103f1159f chromedriver + 4875679
20  chromedriver                        0x0000000103f51388 chromedriver + 5137288
21  chromedriver                        0x0000000103f5150f chromedriver + 5137679
22  chromedriver                        0x0000000103f67085 chromedriver + 5226629
23  libsystem_pthread.dylib             0x00007fff2043b8fc _pthread_start + 224
24  libsystem_pthread.dylib             0x00007fff20437443 thread_start + 15
</msg>
<status status="FAIL" starttime="20220626 20:52:04.399" endtime="20220626 20:52:05.751"/>
</kw>
<kw name="Selecionar Tipo de Conta" library="SignupPage">
<arg>Agent</arg>
<status status="NOT RUN" starttime="20220626 20:52:05.751" endtime="20220626 20:52:05.752"/>
</kw>
<kw name="Sleep" library="BuiltIn">
<arg>5s</arg>
<doc>Pauses the test executed for the given time.</doc>
<status status="NOT RUN" starttime="20220626 20:52:05.752" endtime="20220626 20:52:05.752"/>
</kw>
<kw name="Verificar Tipo de Conta" library="SignupPage">
<arg>Agent</arg>
<status status="NOT RUN" starttime="20220626 20:52:05.752" endtime="20220626 20:52:05.752"/>
</kw>
<status status="FAIL" starttime="20220626 20:52:01.115" endtime="20220626 20:52:05.752"/>
</kw>
<kw name="Clicar em Registrar" library="SignupPage">
<status status="NOT RUN" starttime="20220626 20:52:05.753" endtime="20220626 20:52:05.753"/>
</kw>
<kw name="Deve ser redirecionado para a tela de loginSignup" library="SignupPage">
<status status="NOT RUN" starttime="20220626 20:52:05.753" endtime="20220626 20:52:05.753"/>
</kw>
<tag>login</tag>
<tag>registro</tag>
<status status="FAIL" starttime="20220626 20:51:52.953" endtime="20220626 20:52:05.754">ElementClickInterceptedException: Message: element click intercepted: Element is not clickable at point (635, 665)
  (Session info: chrome=103.0.5060.53)
Stacktrace:
0   chromedriver                        0x0000000103f5fd19 chromedriver + 5197081
1   chromedriver                        0x0000000103eedb23 chromedriver + 4729635
2   chromedriver                        0x0000000103acb2b8 chromedriver + 393912
3   chromedriver                        0x0000000103b07a52 chromedriver + 641618
4   chromedriver                        0x0000000103b055d3 chromedriver + 632275
5   chromedriver                        0x0000000103b02c14 chromedriver + 621588
6   chromedriver                        0x0000000103b01885 chromedriver + 616581
7   chromedriver                        0x0000000103af5689 chromedriver + 566921
    [ Message content over the limit has been removed. ]
...hromedriver                        0x0000000103af4a75 chromedriver + 563829
15  chromedriver                        0x0000000103f31bdd chromedriver + 5008349
16  chromedriver                        0x0000000103f36b64 chromedriver + 5028708
17  chromedriver                        0x0000000103f3bbcf chromedriver + 5049295
18  chromedriver                        0x0000000103f377ca chromedriver + 5031882
19  chromedriver                        0x0000000103f1159f chromedriver + 4875679
20  chromedriver                        0x0000000103f51388 chromedriver + 5137288
21  chromedriver                        0x0000000103f5150f chromedriver + 5137679
22  chromedriver                        0x0000000103f67085 chromedriver + 5226629
23  libsystem_pthread.dylib             0x00007fff2043b8fc _pthread_start + 224
24  libsystem_pthread.dylib             0x00007fff20437443 thread_start + 15</status>
</test>
<status status="FAIL" starttime="20220626 20:51:52.670" endtime="20220626 20:52:05.755"/>
</suite>
<status status="FAIL" starttime="20220626 20:51:52.642" endtime="20220626 20:52:05.756"/>
</suite>
<statistics>
<total>
<stat pass="0" fail="1" skip="0">All Tests</stat>
</total>
<tag>
<stat pass="0" fail="1" skip="0">login</stat>
<stat pass="0" fail="1" skip="0">registro</stat>
</tag>
<suite>
<stat pass="0" fail="1" skip="0" id="s1" name="TestCases">TestCases</stat>
<stat pass="0" fail="1" skip="0" id="s1-s1" name="LoginTest">TestCases.LoginTest</stat>
</suite>
</statistics>
<errors>
</errors>
</robot>
